0 info it worked if it ends with ok
1 verbose cli [ '/usr/bin/node', '/usr/bin/npm', 'install', '-g', 'ruby' ]
2 info using npm@1.4.28
3 info using node@v0.10.33
4 verbose node symlink /usr/bin/node
5 verbose cache add [ 'ruby', null ]
6 verbose cache add name=undefined spec="ruby" args=["ruby",null]
7 verbose parsed url { protocol: null,
7 verbose parsed url   slashes: null,
7 verbose parsed url   auth: null,
7 verbose parsed url   host: null,
7 verbose parsed url   port: null,
7 verbose parsed url   hostname: null,
7 verbose parsed url   hash: null,
7 verbose parsed url   search: null,
7 verbose parsed url   query: null,
7 verbose parsed url   pathname: 'ruby',
7 verbose parsed url   path: 'ruby',
7 verbose parsed url   href: 'ruby' }
8 silly lockFile 18e40e14-ruby ruby
9 verbose lock ruby /home/vagrant/.npm/18e40e14-ruby.lock
10 silly lockFile 18e40e14-ruby ruby
11 silly lockFile 18e40e14-ruby ruby
12 verbose addNamed [ 'ruby', '' ]
13 verbose addNamed [ null, '*' ]
14 silly lockFile f07098c3-ruby ruby@
15 verbose lock ruby@ /home/vagrant/.npm/f07098c3-ruby.lock
16 silly addNameRange { name: 'ruby', range: '*', hasData: false }
17 verbose request where is /ruby
18 verbose request registry https://registry.npmjs.org/
19 verbose request id a7d910ee1fee4926
20 verbose url raw /ruby
21 verbose url resolving [ 'https://registry.npmjs.org/', './ruby' ]
22 verbose url resolved https://registry.npmjs.org/ruby
23 verbose request where is https://registry.npmjs.org/ruby
24 info trying registry request attempt 1 at 18:10:48
25 http GET https://registry.npmjs.org/ruby
26 http 200 https://registry.npmjs.org/ruby
27 silly registry.get cb [ 200,
27 silly registry.get   { date: 'Fri, 12 Dec 2014 18:10:48 GMT',
27 silly registry.get     server: 'CouchDB/1.5.0 (Erlang OTP/R16B03)',
27 silly registry.get     etag: '"A2IT7AIXHHTCH6210Y7TIBV7J"',
27 silly registry.get     'content-type': 'application/json',
27 silly registry.get     'cache-control': 'max-age=60',
27 silly registry.get     'content-length': '1145',
27 silly registry.get     'accept-ranges': 'bytes',
27 silly registry.get     via: '1.1 varnish',
27 silly registry.get     age: '0',
27 silly registry.get     'x-served-by': 'cache-lcy1127-LCY',
27 silly registry.get     'x-cache': 'MISS',
27 silly registry.get     'x-cache-hits': '0',
27 silly registry.get     'x-timer': 'S1418407848.407813,VS0,VE81',
27 silly registry.get     vary: 'Accept',
27 silly registry.get     'keep-alive': 'timeout=10, max=50',
27 silly registry.get     connection: 'Keep-Alive' } ]
28 silly addNameRange number 2 { name: 'ruby', range: '*', hasData: true }
29 silly addNameRange versions [ 'ruby', [ '0.0.0' ] ]
30 verbose addNamed [ 'ruby', '0.0.0' ]
31 verbose addNamed [ '0.0.0', '0.0.0' ]
32 silly lockFile d9bc8d88-ruby-0-0-0 ruby@0.0.0
33 verbose lock ruby@0.0.0 /home/vagrant/.npm/d9bc8d88-ruby-0-0-0.lock
34 silly lockFile 68ca14f0-ry-npmjs-org-ruby-ruby-0-0-0-tgz https://registry.npmjs.org/ruby/-/ruby-0.0.0.tgz
35 verbose lock https://registry.npmjs.org/ruby/-/ruby-0.0.0.tgz /home/vagrant/.npm/68ca14f0-ry-npmjs-org-ruby-ruby-0-0-0-tgz.lock
36 verbose addRemoteTarball [ 'https://registry.npmjs.org/ruby/-/ruby-0.0.0.tgz',
36 verbose addRemoteTarball   '117b60a0e74853cfd4b38f83f4825af010e7a922' ]
37 info retry fetch attempt 1 at 18:10:48
38 verbose fetch to= /tmp/npm-2745-VDug_lrv/registry.npmjs.org/ruby/-/ruby-0.0.0.tgz
39 http GET https://registry.npmjs.org/ruby/-/ruby-0.0.0.tgz
40 http 200 https://registry.npmjs.org/ruby/-/ruby-0.0.0.tgz
41 silly lockFile 68ca14f0-ry-npmjs-org-ruby-ruby-0-0-0-tgz https://registry.npmjs.org/ruby/-/ruby-0.0.0.tgz
42 silly lockFile 68ca14f0-ry-npmjs-org-ruby-ruby-0-0-0-tgz https://registry.npmjs.org/ruby/-/ruby-0.0.0.tgz
43 silly lockFile d9bc8d88-ruby-0-0-0 ruby@0.0.0
44 silly lockFile d9bc8d88-ruby-0-0-0 ruby@0.0.0
45 silly lockFile f07098c3-ruby ruby@
46 silly lockFile f07098c3-ruby ruby@
47 silly resolved [ { name: 'ruby',
47 silly resolved     version: '0.0.0',
47 silly resolved     description: 'Snark!',
47 silly resolved     main: 'index.js',
47 silly resolved     preferGlobal: true,
47 silly resolved     scripts: { test: 'echo "Error: no test specified" && exit 1' },
47 silly resolved     bin: { ruby: './index.js' },
47 silly resolved     keywords: [ 'ruby', 'snark' ],
47 silly resolved     author: { name: 'Randall Koutnik', email: 'rkoutnik@gmail.com' },
47 silly resolved     license: 'MIT',
47 silly resolved     _id: 'ruby@0.0.0',
47 silly resolved     dist:
47 silly resolved      { shasum: '117b60a0e74853cfd4b38f83f4825af010e7a922',
47 silly resolved        tarball: 'http://registry.npmjs.org/ruby/-/ruby-0.0.0.tgz' },
47 silly resolved     _from: 'ruby@',
47 silly resolved     _npmVersion: '1.3.24',
47 silly resolved     _npmUser: { name: 'somekittens', email: 'rkoutnik@gmail.com' },
47 silly resolved     maintainers: [ [Object] ],
47 silly resolved     directories: {},
47 silly resolved     _shasum: '117b60a0e74853cfd4b38f83f4825af010e7a922',
47 silly resolved     _resolved: 'https://registry.npmjs.org/ruby/-/ruby-0.0.0.tgz' } ]
48 info install ruby@0.0.0 into /usr/lib
49 info installOne ruby@0.0.0
50 verbose lib/node_modules/ruby unbuild
51 verbose tar unpack /home/vagrant/.npm/ruby/0.0.0/package.tgz
52 silly lockFile 6d430a34-tar-usr-lib-node-modules-ruby tar:///usr/lib/node_modules/ruby
53 verbose lock tar:///usr/lib/node_modules/ruby /home/vagrant/.npm/6d430a34-tar-usr-lib-node-modules-ruby.lock
54 silly lockFile 2d3925b4-grant-npm-ruby-0-0-0-package-tgz tar:///home/vagrant/.npm/ruby/0.0.0/package.tgz
55 verbose lock tar:///home/vagrant/.npm/ruby/0.0.0/package.tgz /home/vagrant/.npm/2d3925b4-grant-npm-ruby-0-0-0-package-tgz.lock
56 silly gunzTarPerm modes [ '775', '664' ]
57 error Error: EACCES, mkdir '/usr/lib/node_modules/ruby'
57 error  { [Error: EACCES, mkdir '/usr/lib/node_modules/ruby']
57 error   errno: 3,
57 error   code: 'EACCES',
57 error   path: '/usr/lib/node_modules/ruby',
57 error   fstream_type: 'Directory',
57 error   fstream_path: '/usr/lib/node_modules/ruby',
57 error   fstream_class: 'DirWriter',
57 error   fstream_stack:
57 error    [ '/usr/lib/node_modules/npm/node_modules/fstream/lib/dir-writer.js:36:23',
57 error      '/usr/lib/node_modules/npm/node_modules/mkdirp/index.js:46:53',
57 error      'Object.oncomplete (fs.js:107:15)' ] }
58 error Please try running this command again as root/Administrator.
59 error System Linux 3.13.0-11-generic
60 error command "/usr/bin/node" "/usr/bin/npm" "install" "-g" "ruby"
61 error cwd /home/vagrant/Code/laravel
62 error node -v v0.10.33
63 error npm -v 1.4.28
64 error path /usr/lib/node_modules/ruby
65 error fstream_path /usr/lib/node_modules/ruby
66 error fstream_type Directory
67 error fstream_class DirWriter
68 error code EACCES
69 error errno 3
70 error stack Error: EACCES, mkdir '/usr/lib/node_modules/ruby'
71 error fstream_stack /usr/lib/node_modules/npm/node_modules/fstream/lib/dir-writer.js:36:23
71 error fstream_stack /usr/lib/node_modules/npm/node_modules/mkdirp/index.js:46:53
71 error fstream_stack Object.oncomplete (fs.js:107:15)
72 verbose exit [ 3, true ]
